\BOOKMARK [0][-]{chapter.1}{Introduction}{}% 1
\BOOKMARK [1][-]{section.1.1}{The Model Building Process}{chapter.1}% 2
\BOOKMARK [1][-]{section.1.2}{ModelDB Server and ModelDB Spark Client}{chapter.1}% 3
\BOOKMARK [1][-]{section.1.3}{Outline of this Paper}{chapter.1}% 4
\BOOKMARK [0][-]{chapter.2}{Related Work}{}% 5
\BOOKMARK [1][-]{section.2.1}{Machine Learning}{chapter.2}% 6
\BOOKMARK [1][-]{section.2.2}{Linear and Tree Models}{chapter.2}% 7
\BOOKMARK [1][-]{section.2.3}{Spark.ML}{chapter.2}% 8
\BOOKMARK [1][-]{section.2.4}{Machine Learning Libraries}{chapter.2}% 9
\BOOKMARK [2][-]{subsection.2.4.1}{MLI}{section.2.4}% 10
\BOOKMARK [2][-]{subsection.2.4.2}{Scikit-learn}{section.2.4}% 11
\BOOKMARK [2][-]{subsection.2.4.3}{Weka}{section.2.4}% 12
\BOOKMARK [2][-]{subsection.2.4.4}{Pylearn 2}{section.2.4}% 13
\BOOKMARK [2][-]{subsection.2.4.5}{Tensorflow}{section.2.4}% 14
\BOOKMARK [2][-]{subsection.2.4.6}{Summary}{section.2.4}% 15
\BOOKMARK [1][-]{section.2.5}{Model Building Support Systems}{chapter.2}% 16
\BOOKMARK [2][-]{subsection.2.5.1}{ModelHub}{section.2.5}% 17
\BOOKMARK [2][-]{subsection.2.5.2}{MLDB}{section.2.5}% 18
\BOOKMARK [2][-]{subsection.2.5.3}{Azure ML}{section.2.5}% 19
\BOOKMARK [2][-]{subsection.2.5.4}{Velox}{section.2.5}% 20
\BOOKMARK [2][-]{subsection.2.5.5}{MLBase}{section.2.5}% 21
\BOOKMARK [2][-]{subsection.2.5.6}{PMML}{section.2.5}% 22
\BOOKMARK [2][-]{subsection.2.5.7}{Longview}{section.2.5}% 23
\BOOKMARK [0][-]{chapter.3}{Abstractions}{}% 24
\BOOKMARK [1][-]{section.3.1}{Primitives}{chapter.3}% 25
\BOOKMARK [2][-]{subsection.3.1.1}{DataFrame}{section.3.1}% 26
\BOOKMARK [2][-]{subsection.3.1.2}{Transformer}{section.3.1}% 27
\BOOKMARK [2][-]{subsection.3.1.3}{TransformerSpec}{section.3.1}% 28
\BOOKMARK [1][-]{section.3.2}{Syncable Events}{chapter.3}% 29
\BOOKMARK [1][-]{section.3.3}{Core Events}{chapter.3}% 30
\BOOKMARK [2][-]{subsection.3.3.1}{TransformEvent}{section.3.3}% 31
\BOOKMARK [2][-]{subsection.3.3.2}{FitEvent}{section.3.3}% 32
\BOOKMARK [2][-]{subsection.3.3.3}{MetricEvent}{section.3.3}% 33
\BOOKMARK [1][-]{section.3.4}{Composite Events}{chapter.3}% 34
\BOOKMARK [2][-]{subsection.3.4.1}{CrossValidationEvent}{section.3.4}% 35
\BOOKMARK [2][-]{subsection.3.4.2}{GridSearchCrossValidationEvent}{section.3.4}% 36
\BOOKMARK [2][-]{subsection.3.4.3}{PipelineEvent}{section.3.4}% 37
\BOOKMARK [2][-]{subsection.3.4.4}{Annotation}{section.3.4}% 38
\BOOKMARK [1][-]{section.3.5}{Linear and Tree Models}{chapter.3}% 39
\BOOKMARK [2][-]{subsection.3.5.1}{Linear Models}{section.3.5}% 40
\BOOKMARK [2][-]{subsection.3.5.2}{Tree Models}{section.3.5}% 41
\BOOKMARK [1][-]{section.3.6}{ModelDB Syncer}{chapter.3}% 42
\BOOKMARK [0][-]{chapter.4}{Algorithms}{}% 43
\BOOKMARK [1][-]{section.4.1}{Storage Algorithms}{chapter.4}% 44
\BOOKMARK [1][-]{section.4.2}{Ancestry Algorithms}{chapter.4}% 45
\BOOKMARK [1][-]{section.4.3}{Feature Algorithms}{chapter.4}% 46
\BOOKMARK [1][-]{section.4.4}{Multi-model Algorithms}{chapter.4}% 47
\BOOKMARK [1][-]{section.4.5}{Linear Model Algorithms}{chapter.4}% 48
\BOOKMARK [1][-]{section.4.6}{Tree Model Algorithms}{chapter.4}% 49
\BOOKMARK [0][-]{chapter.5}{Implementation}{}% 50
\BOOKMARK [1][-]{section.5.1}{System Architecture}{chapter.5}% 51
\BOOKMARK [1][-]{section.5.2}{Server}{chapter.5}% 52
\BOOKMARK [1][-]{section.5.3}{Spark Client}{chapter.5}% 53
\BOOKMARK [0][-]{chapter.6}{Evaluation}{}% 54
\BOOKMARK [1][-]{section.6.1}{Overview}{chapter.6}% 55
\BOOKMARK [1][-]{section.6.2}{Datasets}{chapter.6}% 56
\BOOKMARK [1][-]{section.6.3}{Methodology}{chapter.6}% 57
\BOOKMARK [1][-]{section.6.4}{Time Overhead Results}{chapter.6}% 58
\BOOKMARK [1][-]{section.6.5}{Storage Overhead Results}{chapter.6}% 59
\BOOKMARK [1][-]{section.6.6}{Operation Time Results}{chapter.6}% 60
\BOOKMARK [1][-]{section.6.7}{Improvements}{chapter.6}% 61
\BOOKMARK [0][-]{chapter.7}{Role in Overall ModelDB System}{}% 62
\BOOKMARK [0][-]{chapter.8}{Future Work}{}% 63
\BOOKMARK [0][-]{chapter.9}{Conclusion}{}% 64
